<?xml version="1.0" encoding="UTF-8"?>
<testsuite name="StreamQuizTest" tests="3" skipped="0" failures="0" errors="0" timestamp="2023-06-20T14:32:45" hostname="idawon-ui-MacBookAir.local" time="0.173">
  <properties/>
  <testcase name="filter()" classname="StreamQuizTest" time="0.159"/>
  <testcase name="pair()" classname="StreamQuizTest" time="0.002"/>
  <testcase name="mapping()" classname="StreamQuizTest" time="0.005"/>
  <system-out><![CDATA[]]></system-out>
  <system-err><![CDATA[]]></system-err>
</testsuite>
